2018-02-21 13:02:17,912 [Worker-6] INFO  c.g.t.t.d.PublishedGradleVersions - Gradle version information cache is up-to-date. Trying to read.
2018-02-21 13:02:35,693 [Worker-20] INFO  o.e.m.c.i.l.LifecycleMappingFactory - Using org.eclipse.m2e.jdt.JarLifecycleMapping lifecycle mapping for MavenProject: com.example:demo:0.0.1-SNAPSHOT @ /Users/davidelkana/Documents/Kuliah/S2/APAP/tutorial2_1706106671/project/demo/pom.xml.
2018-02-21 13:02:36,580 [Worker-20] INFO  o.e.m.c.i.embedder.EclipseLogger - Using 'UTF-8' encoding to copy filtered resources.
2018-02-21 13:02:36,587 [Worker-20] INFO  o.e.m.c.i.embedder.EclipseLogger - Copying 1 resource
2018-02-21 13:02:36,606 [Worker-20] INFO  o.e.m.c.i.embedder.EclipseLogger - Copying 2 resources
2018-02-21 13:02:36,610 [Worker-20] INFO  o.e.m.c.i.embedder.EclipseLogger - Using 'UTF-8' encoding to copy filtered resources.
2018-02-21 13:02:36,610 [Worker-20] INFO  o.e.m.c.i.embedder.EclipseLogger - skip non existing resourceDirectory /Users/davidelkana/Documents/Kuliah/S2/APAP/tutorial2_1706106671/project/demo/src/test/resources
2018-02-21 13:02:39,148 [Worker-14] INFO  o.e.m.c.i.embedder.EclipseLogger - Using 'UTF-8' encoding to copy filtered resources.
2018-02-21 13:02:39,156 [Worker-14] INFO  o.e.m.c.i.embedder.EclipseLogger - Copying 1 resource
2018-02-21 13:02:39,158 [Worker-14] INFO  o.e.m.c.i.embedder.EclipseLogger - Copying 2 resources
2018-02-21 13:02:39,166 [Worker-14] INFO  o.e.m.c.i.embedder.EclipseLogger - Using 'UTF-8' encoding to copy filtered resources.
2018-02-21 13:02:39,166 [Worker-14] INFO  o.e.m.c.i.embedder.EclipseLogger - skip non existing resourceDirectory /Users/davidelkana/Documents/Kuliah/S2/APAP/tutorial2_1706106671/project/demo/src/test/resources
2018-02-21 13:03:14,636 [Worker-23] INFO  o.e.m.c.i.embedder.EclipseLogger - Using 'UTF-8' encoding to copy filtered resources.
2018-02-21 13:03:14,637 [Worker-23] INFO  o.e.m.c.i.embedder.EclipseLogger - Copying 1 resource
2018-02-21 13:03:14,638 [Worker-23] INFO  o.e.m.c.i.embedder.EclipseLogger - Copying 2 resources
2018-02-21 13:03:14,641 [Worker-23] INFO  o.e.m.c.i.embedder.EclipseLogger - Using 'UTF-8' encoding to copy filtered resources.
2018-02-21 13:03:14,641 [Worker-23] INFO  o.e.m.c.i.embedder.EclipseLogger - skip non existing resourceDirectory /Users/davidelkana/Documents/Kuliah/S2/APAP/tutorial2_1706106671/project/demo/src/test/resources
2018-02-21 13:05:03,944 [Worker-0] INFO  o.e.m.c.i.embedder.EclipseLogger - Using 'UTF-8' encoding to copy filtered resources.
2018-02-21 13:05:03,945 [Worker-0] INFO  o.e.m.c.i.embedder.EclipseLogger - Copying 1 resource
2018-02-21 13:05:03,946 [Worker-0] INFO  o.e.m.c.i.embedder.EclipseLogger - Copying 2 resources
2018-02-21 13:05:03,948 [Worker-0] INFO  o.e.m.c.i.embedder.EclipseLogger - Using 'UTF-8' encoding to copy filtered resources.
2018-02-21 13:05:03,949 [Worker-0] INFO  o.e.m.c.i.embedder.EclipseLogger - skip non existing resourceDirectory /Users/davidelkana/Documents/Kuliah/S2/APAP/tutorial2_1706106671/project/demo/src/test/resources
2018-02-21 13:06:04,671 [Worker-26] INFO  o.e.m.c.i.embedder.EclipseLogger - Using 'UTF-8' encoding to copy filtered resources.
2018-02-21 13:06:04,672 [Worker-26] INFO  o.e.m.c.i.embedder.EclipseLogger - Copying 1 resource
2018-02-21 13:06:04,672 [Worker-26] INFO  o.e.m.c.i.embedder.EclipseLogger - Copying 2 resources
2018-02-21 13:06:04,675 [Worker-26] INFO  o.e.m.c.i.embedder.EclipseLogger - Using 'UTF-8' encoding to copy filtered resources.
2018-02-21 13:06:04,675 [Worker-26] INFO  o.e.m.c.i.embedder.EclipseLogger - skip non existing resourceDirectory /Users/davidelkana/Documents/Kuliah/S2/APAP/tutorial2_1706106671/project/demo/src/test/resources
2018-02-21 13:07:52,494 [Worker-23] INFO  o.e.m.c.i.embedder.EclipseLogger - Using 'UTF-8' encoding to copy filtered resources.
2018-02-21 13:07:52,497 [Worker-23] INFO  o.e.m.c.i.embedder.EclipseLogger - Copying 1 resource
2018-02-21 13:07:52,498 [Worker-23] INFO  o.e.m.c.i.embedder.EclipseLogger - Copying 2 resources
2018-02-21 13:07:52,500 [Worker-23] INFO  o.e.m.c.i.embedder.EclipseLogger - Using 'UTF-8' encoding to copy filtered resources.
2018-02-21 13:07:52,500 [Worker-23] INFO  o.e.m.c.i.embedder.EclipseLogger - skip non existing resourceDirectory /Users/davidelkana/Documents/Kuliah/S2/APAP/tutorial2_1706106671/project/demo/src/test/resources
2018-02-21 13:08:32,901 [Worker-8] INFO  o.e.m.c.i.embedder.EclipseLogger - Using 'UTF-8' encoding to copy filtered resources.
2018-02-21 13:08:32,904 [Worker-8] INFO  o.e.m.c.i.embedder.EclipseLogger - Copying 0 resource
2018-02-21 13:08:32,905 [Worker-8] INFO  o.e.m.c.i.embedder.EclipseLogger - Copying 1 resource
2018-02-21 13:08:32,907 [Worker-8] INFO  o.e.m.c.i.embedder.EclipseLogger - Using 'UTF-8' encoding to copy filtered resources.
2018-02-21 13:08:32,908 [Worker-8] INFO  o.e.m.c.i.embedder.EclipseLogger - skip non existing resourceDirectory /Users/davidelkana/Documents/Kuliah/S2/APAP/tutorial2_1706106671/project/demo/src/test/resources
2018-02-21 13:08:49,520 [Worker-28] INFO  o.e.m.c.i.embedder.EclipseLogger - Using 'UTF-8' encoding to copy filtered resources.
2018-02-21 13:08:49,521 [Worker-28] INFO  o.e.m.c.i.embedder.EclipseLogger - Copying 0 resource
2018-02-21 13:08:49,521 [Worker-28] INFO  o.e.m.c.i.embedder.EclipseLogger - Copying 1 resource
2018-02-21 13:08:49,526 [Worker-28] INFO  o.e.m.c.i.embedder.EclipseLogger - Using 'UTF-8' encoding to copy filtered resources.
2018-02-21 13:08:49,526 [Worker-28] INFO  o.e.m.c.i.embedder.EclipseLogger - skip non existing resourceDirectory /Users/davidelkana/Documents/Kuliah/S2/APAP/tutorial2_1706106671/project/demo/src/test/resources
2018-02-21 13:09:06,928 [Worker-4] INFO  o.e.m.c.i.embedder.EclipseLogger - Using 'UTF-8' encoding to copy filtered resources.
2018-02-21 13:09:06,928 [Worker-4] INFO  o.e.m.c.i.embedder.EclipseLogger - Copying 1 resource
2018-02-21 13:09:06,929 [Worker-4] INFO  o.e.m.c.i.embedder.EclipseLogger - Copying 2 resources
2018-02-21 13:09:06,931 [Worker-4] INFO  o.e.m.c.i.embedder.EclipseLogger - Using 'UTF-8' encoding to copy filtered resources.
2018-02-21 13:09:06,931 [Worker-4] INFO  o.e.m.c.i.embedder.EclipseLogger - skip non existing resourceDirectory /Users/davidelkana/Documents/Kuliah/S2/APAP/tutorial2_1706106671/project/demo/src/test/resources
2018-02-21 13:14:19,834 [Worker-8] INFO  o.e.m.c.i.p.ProjectConfigurationManager - Update started
2018-02-21 13:14:20,519 [Worker-8] INFO  o.e.m.c.i.l.LifecycleMappingFactory - Using org.eclipse.m2e.jdt.JarLifecycleMapping lifecycle mapping for MavenProject: com.example:demo:0.0.1-SNAPSHOT @ /Users/davidelkana/Documents/Kuliah/S2/APAP/tutorial2_1706106671/project/demo/pom.xml.
2018-02-21 13:14:21,005 [Worker-8] INFO  o.e.m.j.i.AbstractJavaProjectConfigurator - Adding source folder /demo/src/main/java
2018-02-21 13:14:21,006 [Worker-8] INFO  o.e.m.j.i.AbstractJavaProjectConfigurator - Adding resource folder /demo/src/main/resources
2018-02-21 13:14:21,006 [Worker-8] INFO  o.e.m.j.i.AbstractJavaProjectConfigurator - Adding resource folder /demo/src/main/resources
2018-02-21 13:14:21,007 [Worker-8] INFO  o.e.m.j.i.AbstractJavaProjectConfigurator - Adding source folder /demo/src/test/java
2018-02-21 13:14:21,161 [Worker-8] INFO  o.e.m.c.i.p.ProjectConfigurationManager - Update completed: 1 sec
2018-02-21 13:14:21,676 [Worker-34] INFO  o.e.m.c.i.embedder.EclipseLogger - Using 'UTF-8' encoding to copy filtered resources.
2018-02-21 13:14:21,677 [Worker-34] INFO  o.e.m.c.i.embedder.EclipseLogger - Copying 1 resource
2018-02-21 13:14:21,694 [Worker-34] INFO  o.e.m.c.i.embedder.EclipseLogger - Copying 2 resources
2018-02-21 13:14:21,699 [Worker-34] INFO  o.e.m.c.i.embedder.EclipseLogger - Using 'UTF-8' encoding to copy filtered resources.
2018-02-21 13:14:21,699 [Worker-34] INFO  o.e.m.c.i.embedder.EclipseLogger - skip non existing resourceDirectory /Users/davidelkana/Documents/Kuliah/S2/APAP/tutorial2_1706106671/project/demo/src/test/resources
2018-02-21 13:15:43,029 [Worker-28] INFO  o.e.m.c.i.embedder.EclipseLogger - Using 'UTF-8' encoding to copy filtered resources.
2018-02-21 13:15:43,032 [Worker-28] INFO  o.e.m.c.i.embedder.EclipseLogger - Copying 1 resource
2018-02-21 13:15:43,033 [Worker-28] INFO  o.e.m.c.i.embedder.EclipseLogger - Copying 2 resources
2018-02-21 13:15:43,035 [Worker-28] INFO  o.e.m.c.i.embedder.EclipseLogger - Using 'UTF-8' encoding to copy filtered resources.
2018-02-21 13:15:43,035 [Worker-28] INFO  o.e.m.c.i.embedder.EclipseLogger - skip non existing resourceDirectory /Users/davidelkana/Documents/Kuliah/S2/APAP/tutorial2_1706106671/project/demo/src/test/resources
2018-02-21 13:15:55,790 [Worker-8] INFO  o.e.m.c.i.embedder.EclipseLogger - Using 'UTF-8' encoding to copy filtered resources.
2018-02-21 13:15:55,791 [Worker-8] INFO  o.e.m.c.i.embedder.EclipseLogger - Copying 1 resource
2018-02-21 13:15:55,793 [Worker-8] INFO  o.e.m.c.i.embedder.EclipseLogger - Copying 2 resources
2018-02-21 13:15:55,807 [Worker-8] INFO  o.e.m.c.i.embedder.EclipseLogger - Using 'UTF-8' encoding to copy filtered resources.
2018-02-21 13:15:55,808 [Worker-8] INFO  o.e.m.c.i.embedder.EclipseLogger - skip non existing resourceDirectory /Users/davidelkana/Documents/Kuliah/S2/APAP/tutorial2_1706106671/project/demo/src/test/resources
2018-02-21 13:16:42,691 [Worker-28] INFO  o.e.m.c.i.embedder.EclipseLogger - Using 'UTF-8' encoding to copy filtered resources.
2018-02-21 13:16:42,693 [Worker-28] INFO  o.e.m.c.i.embedder.EclipseLogger - Copying 0 resource
2018-02-21 13:16:42,693 [Worker-28] INFO  o.e.m.c.i.embedder.EclipseLogger - Copying 1 resource
2018-02-21 13:16:42,695 [Worker-28] INFO  o.e.m.c.i.embedder.EclipseLogger - Using 'UTF-8' encoding to copy filtered resources.
2018-02-21 13:16:42,695 [Worker-28] INFO  o.e.m.c.i.embedder.EclipseLogger - skip non existing resourceDirectory /Users/davidelkana/Documents/Kuliah/S2/APAP/tutorial2_1706106671/project/demo/src/test/resources
2018-02-21 13:16:48,180 [Worker-32] INFO  o.e.m.c.i.embedder.EclipseLogger - Using 'UTF-8' encoding to copy filtered resources.
2018-02-21 13:16:48,181 [Worker-32] INFO  o.e.m.c.i.embedder.EclipseLogger - Copying 1 resource
2018-02-21 13:16:48,181 [Worker-32] INFO  o.e.m.c.i.embedder.EclipseLogger - Copying 2 resources
2018-02-21 13:16:48,184 [Worker-32] INFO  o.e.m.c.i.embedder.EclipseLogger - Using 'UTF-8' encoding to copy filtered resources.
2018-02-21 13:16:48,184 [Worker-32] INFO  o.e.m.c.i.embedder.EclipseLogger - skip non existing resourceDirectory /Users/davidelkana/Documents/Kuliah/S2/APAP/tutorial2_1706106671/project/demo/src/test/resources
2018-02-21 13:17:11,283 [Worker-34] INFO  o.e.m.c.i.embedder.EclipseLogger - Using 'UTF-8' encoding to copy filtered resources.
2018-02-21 13:17:11,284 [Worker-34] INFO  o.e.m.c.i.embedder.EclipseLogger - Copying 1 resource
2018-02-21 13:17:11,285 [Worker-34] INFO  o.e.m.c.i.embedder.EclipseLogger - Copying 2 resources
2018-02-21 13:17:11,287 [Worker-34] INFO  o.e.m.c.i.embedder.EclipseLogger - Using 'UTF-8' encoding to copy filtered resources.
2018-02-21 13:17:11,287 [Worker-34] INFO  o.e.m.c.i.embedder.EclipseLogger - skip non existing resourceDirectory /Users/davidelkana/Documents/Kuliah/S2/APAP/tutorial2_1706106671/project/demo/src/test/resources
2018-02-21 13:17:50,469 [Worker-33] INFO  o.e.m.c.i.embedder.EclipseLogger - Using 'UTF-8' encoding to copy filtered resources.
2018-02-21 13:17:50,470 [Worker-33] INFO  o.e.m.c.i.embedder.EclipseLogger - Copying 0 resource
2018-02-21 13:17:50,470 [Worker-33] INFO  o.e.m.c.i.embedder.EclipseLogger - Copying 1 resource
2018-02-21 13:17:50,474 [Worker-33] INFO  o.e.m.c.i.embedder.EclipseLogger - Using 'UTF-8' encoding to copy filtered resources.
2018-02-21 13:17:50,474 [Worker-33] INFO  o.e.m.c.i.embedder.EclipseLogger - skip non existing resourceDirectory /Users/davidelkana/Documents/Kuliah/S2/APAP/tutorial2_1706106671/project/demo/src/test/resources
2018-02-21 13:18:07,326 [Worker-28] INFO  o.e.m.c.i.embedder.EclipseLogger - Using 'UTF-8' encoding to copy filtered resources.
2018-02-21 13:18:07,327 [Worker-28] INFO  o.e.m.c.i.embedder.EclipseLogger - Copying 1 resource
2018-02-21 13:18:07,328 [Worker-28] INFO  o.e.m.c.i.embedder.EclipseLogger - Copying 2 resources
2018-02-21 13:18:07,332 [Worker-28] INFO  o.e.m.c.i.embedder.EclipseLogger - Using 'UTF-8' encoding to copy filtered resources.
2018-02-21 13:18:07,332 [Worker-28] INFO  o.e.m.c.i.embedder.EclipseLogger - skip non existing resourceDirectory /Users/davidelkana/Documents/Kuliah/S2/APAP/tutorial2_1706106671/project/demo/src/test/resources
2018-02-21 13:18:12,523 [Worker-32] INFO  o.e.m.c.i.embedder.EclipseLogger - Using 'UTF-8' encoding to copy filtered resources.
2018-02-21 13:18:12,523 [Worker-32] INFO  o.e.m.c.i.embedder.EclipseLogger - Copying 0 resource
2018-02-21 13:18:12,523 [Worker-32] INFO  o.e.m.c.i.embedder.EclipseLogger - Copying 1 resource
2018-02-21 13:18:12,526 [Worker-32] INFO  o.e.m.c.i.embedder.EclipseLogger - Using 'UTF-8' encoding to copy filtered resources.
2018-02-21 13:18:12,526 [Worker-32] INFO  o.e.m.c.i.embedder.EclipseLogger - skip non existing resourceDirectory /Users/davidelkana/Documents/Kuliah/S2/APAP/tutorial2_1706106671/project/demo/src/test/resources
2018-02-21 13:18:31,183 [Worker-35] INFO  o.e.m.c.i.embedder.EclipseLogger - Using 'UTF-8' encoding to copy filtered resources.
2018-02-21 13:18:31,184 [Worker-35] INFO  o.e.m.c.i.embedder.EclipseLogger - Copying 1 resource
2018-02-21 13:18:31,185 [Worker-35] INFO  o.e.m.c.i.embedder.EclipseLogger - Copying 2 resources
2018-02-21 13:18:31,187 [Worker-35] INFO  o.e.m.c.i.embedder.EclipseLogger - Using 'UTF-8' encoding to copy filtered resources.
2018-02-21 13:18:31,187 [Worker-35] INFO  o.e.m.c.i.embedder.EclipseLogger - skip non existing resourceDirectory /Users/davidelkana/Documents/Kuliah/S2/APAP/tutorial2_1706106671/project/demo/src/test/resources
2018-02-21 13:18:40,131 [Worker-8] INFO  o.e.m.c.i.embedder.EclipseLogger - Using 'UTF-8' encoding to copy filtered resources.
2018-02-21 13:18:40,132 [Worker-8] INFO  o.e.m.c.i.embedder.EclipseLogger - Copying 1 resource
2018-02-21 13:18:40,133 [Worker-8] INFO  o.e.m.c.i.embedder.EclipseLogger - Copying 2 resources
2018-02-21 13:18:40,134 [Worker-8] INFO  o.e.m.c.i.embedder.EclipseLogger - Using 'UTF-8' encoding to copy filtered resources.
2018-02-21 13:18:40,134 [Worker-8] INFO  o.e.m.c.i.embedder.EclipseLogger - skip non existing resourceDirectory /Users/davidelkana/Documents/Kuliah/S2/APAP/tutorial2_1706106671/project/demo/src/test/resources
2018-02-21 13:19:32,496 [Worker-34] INFO  o.e.m.c.i.embedder.EclipseLogger - Using 'UTF-8' encoding to copy filtered resources.
2018-02-21 13:19:32,497 [Worker-34] INFO  o.e.m.c.i.embedder.EclipseLogger - Copying 1 resource
2018-02-21 13:19:32,497 [Worker-34] INFO  o.e.m.c.i.embedder.EclipseLogger - Copying 2 resources
2018-02-21 13:19:32,498 [Worker-34] INFO  o.e.m.c.i.embedder.EclipseLogger - Using 'UTF-8' encoding to copy filtered resources.
2018-02-21 13:19:32,498 [Worker-34] INFO  o.e.m.c.i.embedder.EclipseLogger - skip non existing resourceDirectory /Users/davidelkana/Documents/Kuliah/S2/APAP/tutorial2_1706106671/project/demo/src/test/resources
2018-02-21 13:20:34,592 [Worker-28] INFO  o.e.m.c.i.embedder.EclipseLogger - Using 'UTF-8' encoding to copy filtered resources.
2018-02-21 13:20:34,593 [Worker-28] INFO  o.e.m.c.i.embedder.EclipseLogger - Copying 1 resource
2018-02-21 13:20:34,594 [Worker-28] INFO  o.e.m.c.i.embedder.EclipseLogger - Copying 2 resources
2018-02-21 13:20:34,596 [Worker-28] INFO  o.e.m.c.i.embedder.EclipseLogger - Using 'UTF-8' encoding to copy filtered resources.
2018-02-21 13:20:34,596 [Worker-28] INFO  o.e.m.c.i.embedder.EclipseLogger - skip non existing resourceDirectory /Users/davidelkana/Documents/Kuliah/S2/APAP/tutorial2_1706106671/project/demo/src/test/resources
2018-02-21 13:20:51,222 [Worker-8] INFO  o.e.m.c.i.embedder.EclipseLogger - Using 'UTF-8' encoding to copy filtered resources.
2018-02-21 13:20:51,223 [Worker-8] INFO  o.e.m.c.i.embedder.EclipseLogger - Copying 0 resource
2018-02-21 13:20:51,223 [Worker-8] INFO  o.e.m.c.i.embedder.EclipseLogger - Copying 1 resource
2018-02-21 13:20:51,225 [Worker-8] INFO  o.e.m.c.i.embedder.EclipseLogger - Using 'UTF-8' encoding to copy filtered resources.
2018-02-21 13:20:51,225 [Worker-8] INFO  o.e.m.c.i.embedder.EclipseLogger - skip non existing resourceDirectory /Users/davidelkana/Documents/Kuliah/S2/APAP/tutorial2_1706106671/project/demo/src/test/resources
2018-02-21 13:21:06,253 [Worker-8] INFO  o.e.m.c.i.embedder.EclipseLogger - Using 'UTF-8' encoding to copy filtered resources.
2018-02-21 13:21:06,254 [Worker-8] INFO  o.e.m.c.i.embedder.EclipseLogger - Copying 0 resource
2018-02-21 13:21:06,254 [Worker-8] INFO  o.e.m.c.i.embedder.EclipseLogger - Copying 1 resource
2018-02-21 13:21:06,260 [Worker-8] INFO  o.e.m.c.i.embedder.EclipseLogger - Using 'UTF-8' encoding to copy filtered resources.
2018-02-21 13:21:06,260 [Worker-8] INFO  o.e.m.c.i.embedder.EclipseLogger - skip non existing resourceDirectory /Users/davidelkana/Documents/Kuliah/S2/APAP/tutorial2_1706106671/project/demo/src/test/resources
2018-02-21 13:21:17,587 [Worker-31] INFO  o.e.m.c.i.embedder.EclipseLogger - Using 'UTF-8' encoding to copy filtered resources.
2018-02-21 13:21:17,588 [Worker-31] INFO  o.e.m.c.i.embedder.EclipseLogger - Copying 0 resource
2018-02-21 13:21:17,589 [Worker-31] INFO  o.e.m.c.i.embedder.EclipseLogger - Copying 1 resource
2018-02-21 13:21:17,592 [Worker-31] INFO  o.e.m.c.i.embedder.EclipseLogger - Using 'UTF-8' encoding to copy filtered resources.
2018-02-21 13:21:17,592 [Worker-31] INFO  o.e.m.c.i.embedder.EclipseLogger - skip non existing resourceDirectory /Users/davidelkana/Documents/Kuliah/S2/APAP/tutorial2_1706106671/project/demo/src/test/resources
2018-02-21 13:21:34,698 [Worker-32] INFO  o.e.m.c.i.embedder.EclipseLogger - Using 'UTF-8' encoding to copy filtered resources.
2018-02-21 13:21:34,699 [Worker-32] INFO  o.e.m.c.i.embedder.EclipseLogger - Copying 1 resource
2018-02-21 13:21:34,699 [Worker-32] INFO  o.e.m.c.i.embedder.EclipseLogger - Copying 2 resources
2018-02-21 13:21:34,702 [Worker-32] INFO  o.e.m.c.i.embedder.EclipseLogger - Using 'UTF-8' encoding to copy filtered resources.
2018-02-21 13:21:34,702 [Worker-32] INFO  o.e.m.c.i.embedder.EclipseLogger - skip non existing resourceDirectory /Users/davidelkana/Documents/Kuliah/S2/APAP/tutorial2_1706106671/project/demo/src/test/resources
2018-02-21 13:21:46,901 [Worker-35] INFO  o.e.m.c.i.embedder.EclipseLogger - Using 'UTF-8' encoding to copy filtered resources.
2018-02-21 13:21:46,902 [Worker-35] INFO  o.e.m.c.i.embedder.EclipseLogger - Copying 0 resource
2018-02-21 13:21:46,902 [Worker-35] INFO  o.e.m.c.i.embedder.EclipseLogger - Copying 1 resource
2018-02-21 13:21:46,904 [Worker-35] INFO  o.e.m.c.i.embedder.EclipseLogger - Using 'UTF-8' encoding to copy filtered resources.
2018-02-21 13:21:46,904 [Worker-35] INFO  o.e.m.c.i.embedder.EclipseLogger - skip non existing resourceDirectory /Users/davidelkana/Documents/Kuliah/S2/APAP/tutorial2_1706106671/project/demo/src/test/resources
2018-02-21 13:22:19,720 [Worker-36] INFO  o.e.m.c.i.embedder.EclipseLogger - Using 'UTF-8' encoding to copy filtered resources.
2018-02-21 13:22:19,721 [Worker-36] INFO  o.e.m.c.i.embedder.EclipseLogger - Copying 1 resource
2018-02-21 13:22:19,724 [Worker-36] INFO  o.e.m.c.i.embedder.EclipseLogger - Copying 2 resources
2018-02-21 13:22:19,729 [Worker-36] INFO  o.e.m.c.i.embedder.EclipseLogger - Using 'UTF-8' encoding to copy filtered resources.
2018-02-21 13:22:19,730 [Worker-36] INFO  o.e.m.c.i.embedder.EclipseLogger - skip non existing resourceDirectory /Users/davidelkana/Documents/Kuliah/S2/APAP/tutorial2_1706106671/project/demo/src/test/resources
2018-02-21 13:24:39,876 [Worker-31] INFO  o.e.m.c.i.embedder.EclipseLogger - Using 'UTF-8' encoding to copy filtered resources.
2018-02-21 13:24:39,877 [Worker-31] INFO  o.e.m.c.i.embedder.EclipseLogger - Copying 1 resource
2018-02-21 13:24:39,878 [Worker-31] INFO  o.e.m.c.i.embedder.EclipseLogger - Copying 2 resources
2018-02-21 13:24:39,879 [Worker-31] INFO  o.e.m.c.i.embedder.EclipseLogger - Using 'UTF-8' encoding to copy filtered resources.
2018-02-21 13:24:39,879 [Worker-31] INFO  o.e.m.c.i.embedder.EclipseLogger - skip non existing resourceDirectory /Users/davidelkana/Documents/Kuliah/S2/APAP/tutorial2_1706106671/project/demo/src/test/resources
2018-02-21 13:30:34,713 [Worker-40] INFO  o.e.m.c.i.embedder.EclipseLogger - Using 'UTF-8' encoding to copy filtered resources.
2018-02-21 13:30:34,713 [Worker-40] INFO  o.e.m.c.i.embedder.EclipseLogger - Copying 1 resource
2018-02-21 13:30:34,714 [Worker-40] INFO  o.e.m.c.i.embedder.EclipseLogger - Copying 2 resources
2018-02-21 13:30:34,715 [Worker-40] INFO  o.e.m.c.i.embedder.EclipseLogger - Using 'UTF-8' encoding to copy filtered resources.
2018-02-21 13:30:34,716 [Worker-40] INFO  o.e.m.c.i.embedder.EclipseLogger - skip non existing resourceDirectory /Users/davidelkana/Documents/Kuliah/S2/APAP/tutorial2_1706106671/project/demo/src/test/resources
2018-02-21 13:35:01,244 [Worker-35] INFO  o.e.m.c.i.embedder.EclipseLogger - Using 'UTF-8' encoding to copy filtered resources.
2018-02-21 13:35:01,245 [Worker-35] INFO  o.e.m.c.i.embedder.EclipseLogger - Copying 1 resource
2018-02-21 13:35:01,246 [Worker-35] INFO  o.e.m.c.i.embedder.EclipseLogger - Copying 2 resources
2018-02-21 13:35:01,248 [Worker-35] INFO  o.e.m.c.i.embedder.EclipseLogger - Using 'UTF-8' encoding to copy filtered resources.
2018-02-21 13:35:01,248 [Worker-35] INFO  o.e.m.c.i.embedder.EclipseLogger - skip non existing resourceDirectory /Users/davidelkana/Documents/Kuliah/S2/APAP/tutorial2_1706106671/project/demo/src/test/resources
2018-02-21 13:52:17,243 [Worker-43] INFO  o.e.m.c.i.embedder.EclipseLogger - Using 'UTF-8' encoding to copy filtered resources.
2018-02-21 13:52:17,246 [Worker-43] INFO  o.e.m.c.i.embedder.EclipseLogger - Copying 1 resource
2018-02-21 13:52:17,247 [Worker-43] INFO  o.e.m.c.i.embedder.EclipseLogger - Copying 2 resources
2018-02-21 13:52:17,249 [Worker-43] INFO  o.e.m.c.i.embedder.EclipseLogger - Using 'UTF-8' encoding to copy filtered resources.
2018-02-21 13:52:17,249 [Worker-43] INFO  o.e.m.c.i.embedder.EclipseLogger - skip non existing resourceDirectory /Users/davidelkana/Documents/Kuliah/S2/APAP/tutorial2_1706106671/project/demo/src/test/resources
2018-02-21 16:52:54,411 [Worker-87] INFO  o.e.m.c.i.embedder.EclipseLogger - Using 'UTF-8' encoding to copy filtered resources.
2018-02-21 16:52:54,414 [Worker-87] INFO  o.e.m.c.i.embedder.EclipseLogger - Copying 1 resource
2018-02-21 16:52:54,415 [Worker-87] INFO  o.e.m.c.i.embedder.EclipseLogger - Copying 2 resources
2018-02-21 16:52:54,423 [Worker-87] INFO  o.e.m.c.i.embedder.EclipseLogger - Using 'UTF-8' encoding to copy filtered resources.
2018-02-21 16:52:54,423 [Worker-87] INFO  o.e.m.c.i.embedder.EclipseLogger - skip non existing resourceDirectory /Users/davidelkana/Documents/Kuliah/S2/APAP/tutorial2_1706106671/project/demo/src/test/resources
2018-02-21 16:59:26,718 [Worker-93] INFO  o.e.m.c.i.embedder.EclipseLogger - Using 'UTF-8' encoding to copy filtered resources.
2018-02-21 16:59:26,719 [Worker-93] INFO  o.e.m.c.i.embedder.EclipseLogger - Copying 1 resource
2018-02-21 16:59:26,719 [Worker-93] INFO  o.e.m.c.i.embedder.EclipseLogger - Copying 2 resources
2018-02-21 16:59:26,721 [Worker-93] INFO  o.e.m.c.i.embedder.EclipseLogger - Using 'UTF-8' encoding to copy filtered resources.
2018-02-21 16:59:26,721 [Worker-93] INFO  o.e.m.c.i.embedder.EclipseLogger - skip non existing resourceDirectory /Users/davidelkana/Documents/Kuliah/S2/APAP/tutorial2_1706106671/project/demo/src/test/resources
2018-02-21 17:00:40,204 [Worker-93] INFO  o.e.m.c.i.embedder.EclipseLogger - Using 'UTF-8' encoding to copy filtered resources.
2018-02-21 17:00:40,205 [Worker-93] INFO  o.e.m.c.i.embedder.EclipseLogger - Copying 1 resource
2018-02-21 17:00:40,205 [Worker-93] INFO  o.e.m.c.i.embedder.EclipseLogger - Copying 2 resources
2018-02-21 17:00:40,207 [Worker-93] INFO  o.e.m.c.i.embedder.EclipseLogger - Using 'UTF-8' encoding to copy filtered resources.
2018-02-21 17:00:40,207 [Worker-93] INFO  o.e.m.c.i.embedder.EclipseLogger - skip non existing resourceDirectory /Users/davidelkana/Documents/Kuliah/S2/APAP/tutorial2_1706106671/project/demo/src/test/resources
2018-02-21 17:01:01,412 [Worker-93] INFO  o.e.m.c.i.embedder.EclipseLogger - Using 'UTF-8' encoding to copy filtered resources.
2018-02-21 17:01:01,412 [Worker-93] INFO  o.e.m.c.i.embedder.EclipseLogger - Copying 1 resource
2018-02-21 17:01:01,413 [Worker-93] INFO  o.e.m.c.i.embedder.EclipseLogger - Copying 2 resources
2018-02-21 17:01:01,414 [Worker-93] INFO  o.e.m.c.i.embedder.EclipseLogger - Using 'UTF-8' encoding to copy filtered resources.
2018-02-21 17:01:01,415 [Worker-93] INFO  o.e.m.c.i.embedder.EclipseLogger - skip non existing resourceDirectory /Users/davidelkana/Documents/Kuliah/S2/APAP/tutorial2_1706106671/project/demo/src/test/resources
2018-02-21 17:03:02,653 [Worker-95] INFO  o.e.m.c.i.embedder.EclipseLogger - Using 'UTF-8' encoding to copy filtered resources.
2018-02-21 17:03:02,654 [Worker-95] INFO  o.e.m.c.i.embedder.EclipseLogger - Copying 1 resource
2018-02-21 17:03:02,655 [Worker-95] INFO  o.e.m.c.i.embedder.EclipseLogger - Copying 2 resources
2018-02-21 17:03:02,656 [Worker-95] INFO  o.e.m.c.i.embedder.EclipseLogger - Using 'UTF-8' encoding to copy filtered resources.
2018-02-21 17:03:02,656 [Worker-95] INFO  o.e.m.c.i.embedder.EclipseLogger - skip non existing resourceDirectory /Users/davidelkana/Documents/Kuliah/S2/APAP/tutorial2_1706106671/project/demo/src/test/resources
2018-02-21 17:11:43,661 [Worker-100] INFO  o.e.m.c.i.embedder.EclipseLogger - Using 'UTF-8' encoding to copy filtered resources.
2018-02-21 17:11:43,662 [Worker-100] INFO  o.e.m.c.i.embedder.EclipseLogger - Copying 1 resource
2018-02-21 17:11:43,663 [Worker-100] INFO  o.e.m.c.i.embedder.EclipseLogger - Copying 2 resources
2018-02-21 17:11:43,665 [Worker-100] INFO  o.e.m.c.i.embedder.EclipseLogger - Using 'UTF-8' encoding to copy filtered resources.
2018-02-21 17:11:43,665 [Worker-100] INFO  o.e.m.c.i.embedder.EclipseLogger - skip non existing resourceDirectory /Users/davidelkana/Documents/Kuliah/S2/APAP/tutorial2_1706106671/project/demo/src/test/resources
2018-02-21 19:21:40,339 [Worker-108] INFO  o.e.m.c.i.embedder.EclipseLogger - Using 'UTF-8' encoding to copy filtered resources.
2018-02-21 19:21:40,340 [Worker-108] INFO  o.e.m.c.i.embedder.EclipseLogger - Copying 0 resource
2018-02-21 19:21:40,340 [Worker-108] INFO  o.e.m.c.i.embedder.EclipseLogger - Copying 1 resource
2018-02-21 19:21:40,343 [Worker-108] INFO  o.e.m.c.i.embedder.EclipseLogger - Using 'UTF-8' encoding to copy filtered resources.
2018-02-21 19:21:40,343 [Worker-108] INFO  o.e.m.c.i.embedder.EclipseLogger - skip non existing resourceDirectory /Users/davidelkana/Documents/Kuliah/S2/APAP/tutorial2_1706106671/project/demo/src/test/resources
2018-02-21 19:22:06,413 [Worker-108] INFO  o.e.m.c.i.embedder.EclipseLogger - Using 'UTF-8' encoding to copy filtered resources.
2018-02-21 19:22:06,414 [Worker-108] INFO  o.e.m.c.i.embedder.EclipseLogger - Copying 0 resource
2018-02-21 19:22:06,415 [Worker-108] INFO  o.e.m.c.i.embedder.EclipseLogger - Copying 1 resource
2018-02-21 19:22:06,418 [Worker-108] INFO  o.e.m.c.i.embedder.EclipseLogger - Using 'UTF-8' encoding to copy filtered resources.
2018-02-21 19:22:06,418 [Worker-108] INFO  o.e.m.c.i.embedder.EclipseLogger - skip non existing resourceDirectory /Users/davidelkana/Documents/Kuliah/S2/APAP/tutorial2_1706106671/project/demo/src/test/resources
2018-02-21 19:22:41,936 [Worker-112] INFO  o.e.m.c.i.embedder.EclipseLogger - Using 'UTF-8' encoding to copy filtered resources.
2018-02-21 19:22:41,937 [Worker-112] INFO  o.e.m.c.i.embedder.EclipseLogger - Copying 0 resource
2018-02-21 19:22:41,938 [Worker-112] INFO  o.e.m.c.i.embedder.EclipseLogger - Copying 1 resource
2018-02-21 19:22:41,941 [Worker-112] INFO  o.e.m.c.i.embedder.EclipseLogger - Using 'UTF-8' encoding to copy filtered resources.
2018-02-21 19:22:41,942 [Worker-112] INFO  o.e.m.c.i.embedder.EclipseLogger - skip non existing resourceDirectory /Users/davidelkana/Documents/Kuliah/S2/APAP/tutorial2_1706106671/project/demo/src/test/resources
2018-02-21 19:22:50,841 [Worker-105] INFO  o.e.m.c.i.embedder.EclipseLogger - Using 'UTF-8' encoding to copy filtered resources.
2018-02-21 19:22:50,841 [Worker-105] INFO  o.e.m.c.i.embedder.EclipseLogger - Copying 0 resource
2018-02-21 19:22:50,841 [Worker-105] INFO  o.e.m.c.i.embedder.EclipseLogger - Copying 1 resource
2018-02-21 19:22:50,844 [Worker-105] INFO  o.e.m.c.i.embedder.EclipseLogger - Using 'UTF-8' encoding to copy filtered resources.
2018-02-21 19:22:50,844 [Worker-105] INFO  o.e.m.c.i.embedder.EclipseLogger - skip non existing resourceDirectory /Users/davidelkana/Documents/Kuliah/S2/APAP/tutorial2_1706106671/project/demo/src/test/resources
2018-02-21 19:23:44,544 [Worker-111] INFO  o.e.m.c.i.embedder.EclipseLogger - Using 'UTF-8' encoding to copy filtered resources.
2018-02-21 19:23:44,545 [Worker-111] INFO  o.e.m.c.i.embedder.EclipseLogger - Copying 0 resource
2018-02-21 19:23:44,546 [Worker-111] INFO  o.e.m.c.i.embedder.EclipseLogger - Copying 1 resource
2018-02-21 19:23:44,548 [Worker-111] INFO  o.e.m.c.i.embedder.EclipseLogger - Using 'UTF-8' encoding to copy filtered resources.
2018-02-21 19:23:44,548 [Worker-111] INFO  o.e.m.c.i.embedder.EclipseLogger - skip non existing resourceDirectory /Users/davidelkana/Documents/Kuliah/S2/APAP/tutorial2_1706106671/project/demo/src/test/resources
